0 info it worked if it ends with ok
1 verbose cli [ 'C:\\Program Files\\nodejs\\node.exe',
1 verbose cli   'C:\\Program Files\\nodejs\\node_modules\\npm\\bin\\npm-cli.js',
1 verbose cli   'start' ]
2 info using npm@3.10.10
3 info using node@v6.10.1
4 verbose run-script [ 'prestart', 'start', 'poststart' ]
5 info lifecycle memo@~prestart: memo@
6 silly lifecycle memo@~prestart: no script for prestart, continuing
7 info lifecycle memo@~start: memo@
8 verbose lifecycle memo@~start: unsafe-perm in lifecycle true
9 verbose lifecycle memo@~start: PATH: C:\Program Files\nodejs\node_modules\npm\bin\node-gyp-bin;C:\Users\home\note\note\node_modules\.bin;C:\cmder\bin;C:\cmder\vendor\conemu-maximus5\ConEmu\Scripts;C:\cmder\vendor\conemu-maximus5;C:\cmder\vendor\conemu-maximus5\ConEmu;C:\ProgramData\Oracle\Java\javapath;C:\WINDOWS\system32;C:\WINDOWS;C:\WINDOWS\System32\Wbem;C:\WINDOWS\System32\WindowsPowerShell\v1.0\;C:\Program Files\Git\cmd;C:\Program Files\Java\jdk1.8.0_121\bin;C:\Program Files (x86)\NVIDIA Corporation\PhysX\Common;C:\Program Files\nodejs\;C:\Program Files (x86)\Yarn\bin;%SystemRoot%\system32;%SystemRoot%;%SystemRoot%\System32\Wbem;%SYSTEMROOT%\System32\WindowsPowerShell\v1.0\;C:\Users\home\Anaconda3;C:\Users\home\Anaconda3\Scripts;C:\Users\home\Anaconda3\Library\bin;C:\Users\home\AppData\Local\Programs\Python\Python36-32\Scripts\;C:\Users\home\AppData\Local\Programs\Python\Python36-32\;C:\Users\home\AppData\Local\Microsoft\WindowsApps;C:\Users\home\AppData\Local\atom\bin;C:\Program Files\Java\jdk1.8.0_121\bin;C:\Users\home\AppData\Roaming\npm;C:\Users\home\AppData\Local\Yarn\.bin;%USERPROFILE%\AppData\Local\Microsoft\WindowsApps;;C:\Program Files\Git\usr\bin;C:\Program Files\Git\usr\share\vim\vim74;C:\cmder\
10 verbose lifecycle memo@~start: CWD: C:\Users\home\note\note
11 silly lifecycle memo@~start: Args: [ '/d /s /c', 'electron main.js' ]
12 silly lifecycle memo@~start: Returned: code: 1  signal: null
13 info lifecycle memo@~start: Failed to exec start script
14 verbose stack Error: memo@ start: `electron main.js`
14 verbose stack Exit status 1
14 verbose stack     at EventEmitter.<anonymous> (C:\Program Files\nodejs\node_modules\npm\lib\utils\lifecycle.js:255:16)
14 verbose stack     at emitTwo (events.js:106:13)
14 verbose stack     at EventEmitter.emit (events.js:191:7)
14 verbose stack     at ChildProcess.<anonymous> (C:\Program Files\nodejs\node_modules\npm\lib\utils\spawn.js:40:14)
14 verbose stack     at emitTwo (events.js:106:13)
14 verbose stack     at ChildProcess.emit (events.js:191:7)
14 verbose stack     at maybeClose (internal/child_process.js:886:16)
14 verbose stack     at Process.ChildProcess._handle.onexit (internal/child_process.js:226:5)
15 verbose pkgid memo@
16 verbose cwd C:\Users\home\note\note
17 error Windows_NT 10.0.15063
18 error argv "C:\\Program Files\\nodejs\\node.exe" "C:\\Program Files\\nodejs\\node_modules\\npm\\bin\\npm-cli.js" "start"
19 error node v6.10.1
20 error npm  v3.10.10
21 error code ELIFECYCLE
22 error memo@ start: `electron main.js`
22 error Exit status 1
23 error Failed at the memo@ start script 'electron main.js'.
23 error Make sure you have the latest version of node.js and npm installed.
23 error If you do, this is most likely a problem with the memo package,
23 error not with npm itself.
23 error Tell the author that this fails on your system:
23 error     electron main.js
23 error You can get information on how to open an issue for this project with:
23 error     npm bugs memo
23 error Or if that isn't available, you can get their info via:
23 error     npm owner ls memo
23 error There is likely additional logging output above.
24 verbose exit [ 1, true ]
